<?xml version="1.0" encoding="UTF-8"?>
<testng-results skipped="0" failed="0" ignored="0" total="1" passed="1">
  <reporter-output>
  </reporter-output>
  <suite name="Default suite" duration-ms="43" started-at="2022-11-07T15:04:34Z" finished-at="2022-11-07T15:04:34Z">
    <groups>
    </groups>
    <test name="Default test" duration-ms="43" started-at="2022-11-07T15:04:34Z" finished-at="2022-11-07T15:04:34Z">
      <class name="org.test.basic">
        <test-method status="PASS" signature="test()[pri:0, instance:org.test.basic@1794d431]" name="test" duration-ms="10" started-at="2022-11-07T15:04:34Z" finished-at="2022-11-07T15:04:34Z">
          <reporter-output>
          </reporter-output>
        </test-method> <!-- test -->
      </class> <!-- org.test.basic -->
    </test> <!-- Default test -->
  </suite> <!-- Default suite -->
</testng-results>
